<?xml version="1.0" encoding="UTF-8"?>
<testsuite errors="0" failures="0" name="_user.tests.DummyTestCase-20151231095343" tests="1" time="0.000">
	<testcase classname="_user.tests.DummyTestCase" name="test_pass" time="0.000"/>
	<system-out>
<![CDATA[]]>	</system-out>
	<system-err>
<![CDATA[]]>	</system-err>
</testsuite>
