<testsuite errors="0" failures="0" name="Django Project Tests" skips="0" tests="1" time="0.001"><testcase classname="_user.tests.DummyTestCase" name="test_pass" time="0.000013" /></testsuite>